[INFO] 2025-10-22 12:16:04 | celery.app.trace:128 | info | Task apps.evaluations.tasks.analyze_sentiment_task[77cbec2c-b53f-4f34-a993-32f7a4cb9c95] succeeded in 0.05603910000354517s: {'success': True, 'response_id': 13, 'score': 0.0, 'category': 'neutral', 'text_length': 47}
[INFO] 2025-10-22 12:16:04 | celery.app.trace:128 | info | Task apps.evaluations.tasks.analyze_sentiment_task[17d1f34f-8f5b-40cf-80a4-6cc13fb101c6] succeeded in 0.0030602000042563304s: {'success': True, 'response_id': 14, 'score': 0.0, 'category': 'neutral', 'text_length': 52}
[INFO] 2025-10-22 12:16:04 | celery.app.trace:128 | info | Task apps.evaluations.tasks.analyze_sentiment_task[e1ae8757-5a84-49da-9b8b-59c1645c6246] succeeded in 0.0028098000038880855s: {'success': True, 'response_id': 15, 'score': 0.0, 'category': 'neutral', 'text_length': 69}
[INFO] 2025-10-22 12:16:04 | celery.app.trace:128 | info | Task apps.evaluations.tasks.analyze_sentiment_task[d93680c2-0ec4-4fd5-8eeb-0abcab6050d5] succeeded in 0.0016777999990154058s: {'success': True, 'response_id': 28, 'score': 0.0, 'category': 'neutral', 'text_length': 35}
[INFO] 2025-10-22 12:16:04 | celery.app.trace:128 | info | Task apps.evaluations.tasks.analyze_sentiment_task[53545147-d58b-4ec8-8364-0358fe339aca] succeeded in 0.0019825000053970143s: {'success': True, 'response_id': 29, 'score': 0.0, 'category': 'neutral', 'text_length': 54}
[INFO] 2025-10-22 12:16:04 | celery.app.trace:128 | info | Task apps.evaluations.tasks.analyze_sentiment_task[d06adc9a-0b27-482a-b57f-be255760240b] succeeded in 0.0016045000083977357s: {'success': True, 'response_id': 30, 'score': 0.0, 'category': 'neutral', 'text_length': 69}
[INFO] 2025-10-22 12:16:05 | celery.app.trace:128 | info | Task apps.evaluations.tasks.analyze_sentiment_task[282d9498-14fe-44ae-9c3f-9bae49bb7e14] succeeded in 0.001970400000573136s: {'success': True, 'response_id': 43, 'score': 0.0, 'category': 'neutral', 'text_length': 47}
[INFO] 2025-10-22 12:16:05 | celery.app.trace:128 | info | Task apps.evaluations.tasks.analyze_sentiment_task[043b6964-ab65-4de6-bc13-ff85b77752c5] succeeded in 0.001640999995288439s: {'success': True, 'response_id': 44, 'score': 0.0, 'category': 'neutral', 'text_length': 54}
[INFO] 2025-10-22 12:16:05 | celery.app.trace:128 | info | Task apps.evaluations.tasks.analyze_sentiment_task[d0d75b02-488c-4e92-a94e-1096ba77d112] succeeded in 0.0017134000081568956s: {'success': True, 'response_id': 45, 'score': 0.0, 'category': 'neutral', 'text_length': 71}
[INFO] 2025-10-22 12:16:05 | celery.app.trace:128 | info | Task apps.evaluations.tasks.analyze_sentiment_task[5cbfeace-f5d6-4bef-b5e0-f3e35fbae0cd] succeeded in 0.002069199996185489s: {'success': True, 'response_id': 58, 'score': 0.0, 'category': 'neutral', 'text_length': 35}
[INFO] 2025-10-22 12:16:05 | celery.app.trace:128 | info | Task apps.evaluations.tasks.analyze_sentiment_task[78895e24-6ea8-4bba-9b86-d59be7370d82] succeeded in 0.0017859000072348863s: {'success': True, 'response_id': 59, 'score': 0.0, 'category': 'neutral', 'text_length': 44}
[INFO] 2025-10-22 12:16:05 | celery.app.trace:128 | info | Task apps.evaluations.tasks.analyze_sentiment_task[442547e3-0d3b-458d-845f-0d43f59be307] succeeded in 0.0016463000065414235s: {'success': True, 'response_id': 60, 'score': 0.0, 'category': 'neutral', 'text_length': 70}
[INFO] 2025-10-22 12:16:05 | celery.app.trace:128 | info | Task apps.evaluations.tasks.analyze_sentiment_task[19248991-3416-4b6f-bc07-70c127cf3f27] succeeded in 0.0016788000066298991s: {'success': True, 'response_id': 73, 'score': 0.0, 'category': 'neutral', 'text_length': 35}
[INFO] 2025-10-22 12:16:05 | celery.app.trace:128 | info | Task apps.evaluations.tasks.analyze_sentiment_task[5fbdf896-ee00-4ace-87c6-be3bfd319c05] succeeded in 0.0018251000001328066s: {'success': True, 'response_id': 74, 'score': 0.0, 'category': 'neutral', 'text_length': 44}
[INFO] 2025-10-22 12:16:05 | celery.app.trace:128 | info | Task apps.evaluations.tasks.analyze_sentiment_task[bac911ae-0c5e-4ba7-ace0-d487318a936f] succeeded in 0.0023696000134805217s: {'success': True, 'response_id': 75, 'score': 0.0, 'category': 'neutral', 'text_length': 56}
[INFO] 2025-10-22 12:16:05 | celery.app.trace:128 | info | Task apps.evaluations.tasks.analyze_sentiment_task[a9b9b87a-6d66-4ade-988f-3d36b9bfb4e4] succeeded in 0.002076599994325079s: {'success': True, 'response_id': 88, 'score': 0.0, 'category': 'neutral', 'text_length': 47}
[INFO] 2025-10-22 12:16:05 | celery.app.trace:128 | info | Task apps.evaluations.tasks.analyze_sentiment_task[2586de4e-b736-47a8-81eb-071ad6828e1c] succeeded in 0.001636000000871718s: {'success': True, 'response_id': 89, 'score': 0.0, 'category': 'neutral', 'text_length': 52}
[INFO] 2025-10-22 12:16:05 | celery.app.trace:128 | info | Task apps.evaluations.tasks.analyze_sentiment_task[afa0d363-eee2-4d15-8518-a5f722196db3] succeeded in 0.0017014000040944666s: {'success': True, 'response_id': 90, 'score': 0.0, 'category': 'neutral', 'text_length': 70}
[INFO] 2025-10-22 12:16:05 | celery.app.trace:128 | info | Task apps.evaluations.tasks.analyze_sentiment_task[914fe4a8-3589-4682-b22b-36ed265282d6] succeeded in 0.0029246999911265448s: {'success': True, 'response_id': 103, 'score': 0.0, 'category': 'neutral', 'text_length': 35}
[INFO] 2025-10-22 12:16:05 | celery.app.trace:128 | info | Task apps.evaluations.tasks.analyze_sentiment_task[780c0bf0-ae39-49e9-b26b-fef814dc9c16] succeeded in 0.002431599990813993s: {'success': True, 'response_id': 104, 'score': 0.0, 'category': 'neutral', 'text_length': 44}
[INFO] 2025-10-22 12:16:05 | celery.app.trace:128 | info | Task apps.evaluations.tasks.analyze_sentiment_task[e0a388fa-cd06-4fe3-b36c-c0ce7c9a17ab] succeeded in 0.0025892999983625486s: {'success': True, 'response_id': 105, 'score': 0.0, 'category': 'neutral', 'text_length': 54}
[INFO] 2025-10-22 12:16:05 | celery.app.trace:128 | info | Task apps.evaluations.tasks.analyze_sentiment_task[2c19fb43-b20e-439a-a9a0-648384096574] succeeded in 0.002409699998679571s: {'success': True, 'response_id': 118, 'score': 0.0, 'category': 'neutral', 'text_length': 44}
[INFO] 2025-10-22 12:16:05 | celery.app.trace:128 | info | Task apps.evaluations.tasks.analyze_sentiment_task[61320974-b9c9-4d0f-a429-d485f922edf0] succeeded in 0.002186400000937283s: {'success': True, 'response_id': 119, 'score': 0.0, 'category': 'neutral', 'text_length': 39}
[INFO] 2025-10-22 12:16:05 | celery.app.trace:128 | info | Task apps.evaluations.tasks.analyze_sentiment_task[a0388278-9fec-45b3-b31d-4c7b98da3c9f] succeeded in 0.002318900005775504s: {'success': True, 'response_id': 120, 'score': 0.0, 'category': 'neutral', 'text_length': 71}
[INFO] 2025-10-22 12:16:05 | celery.app.trace:128 | info | Task apps.evaluations.tasks.analyze_sentiment_task[25829a9a-c1bd-4f9c-bd07-5118e9a1488e] succeeded in 0.0018786000000545755s: {'success': True, 'response_id': 133, 'score': 0.0, 'category': 'neutral', 'text_length': 61}
[INFO] 2025-10-22 12:16:05 | celery.app.trace:128 | info | Task apps.evaluations.tasks.analyze_sentiment_task[0bacb2d8-0588-4286-abb3-942a88494e6a] succeeded in 0.0018677000043680891s: {'success': True, 'response_id': 134, 'score': 0.0, 'category': 'neutral', 'text_length': 44}
[INFO] 2025-10-22 12:16:05 | celery.app.trace:128 | info | Task apps.evaluations.tasks.analyze_sentiment_task[0ef61a53-9809-4782-a09e-a40d7f125591] succeeded in 0.0024560000019846484s: {'success': True, 'response_id': 135, 'score': 0.0, 'category': 'neutral', 'text_length': 52}
[INFO] 2025-10-22 12:16:05 | celery.app.trace:128 | info | Task apps.evaluations.tasks.analyze_sentiment_task[1aa9bfbd-71fa-47bd-bf69-c5fe30c0fd51] succeeded in 0.0017915999924298376s: {'success': True, 'response_id': 148, 'score': 0.0, 'category': 'neutral', 'text_length': 35}
[INFO] 2025-10-22 12:16:05 | celery.app.trace:128 | info | Task apps.evaluations.tasks.analyze_sentiment_task[b71ec4ed-4da9-4463-8b27-c7d07bc95553] succeeded in 0.0019600000086938962s: {'success': True, 'response_id': 149, 'score': 0.0, 'category': 'neutral', 'text_length': 52}
[INFO] 2025-10-22 12:16:05 | celery.app.trace:128 | info | Task apps.evaluations.tasks.analyze_sentiment_task[9a51b31b-4bff-4c2a-aabe-ac2c29b8a6b9] succeeded in 0.0030082000012043864s: {'success': True, 'response_id': 150, 'score': 0.0, 'category': 'neutral', 'text_length': 54}
[INFO] 2025-10-22 12:16:05 | celery.app.trace:128 | info | Task apps.evaluations.tasks.analyze_sentiment_task[d214e5cb-5c9f-4493-b69e-b4b346fc716b] succeeded in 0.0020893000037176535s: {'success': True, 'response_id': 163, 'score': 0.0, 'category': 'neutral', 'text_length': 61}
[INFO] 2025-10-22 12:16:05 | celery.app.trace:128 | info | Task apps.evaluations.tasks.analyze_sentiment_task[5cf80e86-096d-4df0-af7f-4803fad34ae2] succeeded in 0.0018678000051295385s: {'success': True, 'response_id': 164, 'score': 0.0, 'category': 'neutral', 'text_length': 52}
[INFO] 2025-10-22 12:16:05 | celery.app.trace:128 | info | Task apps.evaluations.tasks.analyze_sentiment_task[85e80e79-5803-495f-ae29-dcce9e70ad6c] succeeded in 0.0024110000085784122s: {'success': True, 'response_id': 165, 'score': 0.0, 'category': 'neutral', 'text_length': 52}
[INFO] 2025-10-22 12:16:05 | celery.app.trace:128 | info | Task apps.evaluations.tasks.analyze_sentiment_task[3b251271-dfd1-4990-9107-8271481ddb57] succeeded in 0.0019275999948149547s: {'success': True, 'response_id': 178, 'score': 0.0, 'category': 'neutral', 'text_length': 35}
[INFO] 2025-10-22 12:16:05 | celery.app.trace:128 | info | Task apps.evaluations.tasks.analyze_sentiment_task[fc3b12c5-7c61-4f45-a162-62f6b178106e] succeeded in 0.0019331999938003719s: {'success': True, 'response_id': 179, 'score': 0.0, 'category': 'neutral', 'text_length': 44}
[INFO] 2025-10-22 12:16:05 | celery.app.trace:128 | info | Task apps.evaluations.tasks.analyze_sentiment_task[97f2c953-a410-4768-9078-2cd817d3cef3] succeeded in 0.001865199999883771s: {'success': True, 'response_id': 180, 'score': 0.0, 'category': 'neutral', 'text_length': 54}
[INFO] 2025-10-22 12:16:05 | celery.app.trace:128 | info | Task apps.evaluations.tasks.analyze_sentiment_task[cf6e4b0b-8f95-4e77-ac10-c6d1ad94d5e9] succeeded in 0.002145199992810376s: {'success': True, 'response_id': 193, 'score': 0.0, 'category': 'neutral', 'text_length': 61}
[INFO] 2025-10-22 12:16:05 | celery.app.trace:128 | info | Task apps.evaluations.tasks.analyze_sentiment_task[83cb7a20-dd34-437f-8067-56b5b82a0045] succeeded in 0.0034807000047294423s: {'success': True, 'response_id': 194, 'score': 0.0, 'category': 'neutral', 'text_length': 39}
[INFO] 2025-10-22 12:16:05 | celery.app.trace:128 | info | Task apps.evaluations.tasks.analyze_sentiment_task[4d3fa780-009f-4673-8dd8-7368a6121939] succeeded in 0.0021342999971238896s: {'success': True, 'response_id': 195, 'score': 0.0, 'category': 'neutral', 'text_length': 54}
[INFO] 2025-10-22 12:16:05 | celery.app.trace:128 | info | Task apps.evaluations.tasks.analyze_sentiment_task[3947d8c1-0d82-49da-9012-7fd216b59559] succeeded in 0.002108600005158223s: {'success': True, 'response_id': 208, 'score': 0.0, 'category': 'neutral', 'text_length': 44}
[INFO] 2025-10-22 12:16:05 | celery.app.trace:128 | info | Task apps.evaluations.tasks.analyze_sentiment_task[3e5992af-aae5-442c-a4db-936aa259d5a5] succeeded in 0.002014700003201142s: {'success': True, 'response_id': 209, 'score': 0.0, 'category': 'neutral', 'text_length': 54}
[INFO] 2025-10-22 12:16:05 | celery.app.trace:128 | info | Task apps.evaluations.tasks.analyze_sentiment_task[3dbe7858-8e57-4077-a128-fcb6e543d084] succeeded in 0.0022797999990871176s: {'success': True, 'response_id': 210, 'score': 0.0, 'category': 'neutral', 'text_length': 54}
[INFO] 2025-10-22 12:16:05 | celery.app.trace:128 | info | Task apps.evaluations.tasks.analyze_sentiment_task[967a4595-aa86-456b-81ef-98f613ba82c0] succeeded in 0.0015955999988364056s: {'success': True, 'response_id': 223, 'score': 0.0, 'category': 'neutral', 'text_length': 44}
[INFO] 2025-10-22 12:16:05 | celery.app.trace:128 | info | Task apps.evaluations.tasks.analyze_sentiment_task[88d9a23e-e36d-4d1b-9762-54768f2e9216] succeeded in 0.001516300006187521s: {'success': True, 'response_id': 224, 'score': 0.0, 'category': 'neutral', 'text_length': 44}
[INFO] 2025-10-22 12:16:05 | celery.app.trace:128 | info | Task apps.evaluations.tasks.analyze_sentiment_task[ccb6a4ac-07e2-45ac-94ff-d653203ba68b] succeeded in 0.002295900005265139s: {'success': True, 'response_id': 225, 'score': 0.0, 'category': 'neutral', 'text_length': 51}
[INFO] 2025-10-22 12:16:05 | celery.app.trace:128 | info | Task apps.evaluations.tasks.analyze_sentiment_task[a41d02c9-159e-49bb-bdeb-608f68d354f8] succeeded in 0.0023830999998608604s: {'success': True, 'response_id': 238, 'score': 0.0, 'category': 'neutral', 'text_length': 61}
[INFO] 2025-10-22 12:16:05 | celery.app.trace:128 | info | Task apps.evaluations.tasks.analyze_sentiment_task[9b50ac58-4b32-403c-ab88-b559c3a4cb86] succeeded in 0.002299900006619282s: {'success': True, 'response_id': 239, 'score': 0.0, 'category': 'neutral', 'text_length': 44}
[INFO] 2025-10-22 12:16:05 | celery.app.trace:128 | info | Task apps.evaluations.tasks.analyze_sentiment_task[2ecf8c51-15c9-4116-848f-49d3492110a4] succeeded in 0.002267999996547587s: {'success': True, 'response_id': 240, 'score': 0.0, 'category': 'neutral', 'text_length': 52}
[INFO] 2025-10-22 12:16:05 | celery.app.trace:128 | info | Task apps.evaluations.tasks.analyze_sentiment_task[2657a15a-69dc-4bff-be2e-edb64c518c05] succeeded in 0.00195499999972526s: {'success': True, 'response_id': 253, 'score': 0.0, 'category': 'neutral', 'text_length': 35}
[INFO] 2025-10-22 12:16:05 | celery.app.trace:128 | info | Task apps.evaluations.tasks.analyze_sentiment_task[d93a22e4-d3df-4275-810c-364e01320710] succeeded in 0.0019623000116553158s: {'success': True, 'response_id': 254, 'score': 0.0, 'category': 'neutral', 'text_length': 44}
[INFO] 2025-10-22 12:16:05 | celery.app.trace:128 | info | Task apps.evaluations.tasks.analyze_sentiment_task[c7fe8f91-52b2-4669-b7b3-a6750a99e3dc] succeeded in 0.001748599999700673s: {'success': True, 'response_id': 255, 'score': 0.0, 'category': 'neutral', 'text_length': 56}
[INFO] 2025-10-22 12:16:05 | celery.app.trace:128 | info | Task apps.evaluations.tasks.analyze_sentiment_task[088129c1-9dc5-404d-b7d8-09c280e485df] succeeded in 0.0021210999984759837s: {'success': True, 'response_id': 268, 'score': 0.0, 'category': 'neutral', 'text_length': 47}
[INFO] 2025-10-22 12:16:05 | celery.app.trace:128 | info | Task apps.evaluations.tasks.analyze_sentiment_task[8e486113-7ef9-4245-8077-9b638daf8d2f] succeeded in 0.0021413999929791316s: {'success': True, 'response_id': 269, 'score': 0.0, 'category': 'neutral', 'text_length': 54}
[INFO] 2025-10-22 12:16:05 | celery.app.trace:128 | info | Task apps.evaluations.tasks.analyze_sentiment_task[60227fa5-e29f-4a3a-809c-9e252aff50ad] succeeded in 0.0019143999961670488s: {'success': True, 'response_id': 270, 'score': 0.0, 'category': 'neutral', 'text_length': 54}
[INFO] 2025-10-22 12:16:05 | celery.app.trace:128 | info | Task apps.evaluations.tasks.analyze_sentiment_task[a7e765c8-954b-472f-a52a-331bd27a3303] succeeded in 0.002061799998045899s: {'success': True, 'response_id': 283, 'score': 0.0, 'category': 'neutral', 'text_length': 35}
[INFO] 2025-10-22 12:16:05 | celery.app.trace:128 | info | Task apps.evaluations.tasks.analyze_sentiment_task[628c0814-5452-4087-997d-b03e82748f5e] succeeded in 0.004083000007085502s: {'success': True, 'response_id': 284, 'score': 0.0, 'category': 'neutral', 'text_length': 39}
[INFO] 2025-10-22 12:16:05 | celery.app.trace:128 | info | Task apps.evaluations.tasks.analyze_sentiment_task[611d275e-7b18-40f2-8c01-5ecfc78851da] succeeded in 0.004194399996777065s: {'success': True, 'response_id': 285, 'score': 0.0, 'category': 'neutral', 'text_length': 56}
[INFO] 2025-10-22 12:16:06 | celery.app.trace:128 | info | Task apps.evaluations.tasks.analyze_sentiment_task[89021959-d17d-488a-b6c8-b76a368b2303] succeeded in 0.00195499999972526s: {'success': True, 'response_id': 298, 'score': 0.0, 'category': 'neutral', 'text_length': 35}
[INFO] 2025-10-22 12:16:06 | celery.app.trace:128 | info | Task apps.evaluations.tasks.analyze_sentiment_task[699c8be9-08f0-43a8-84af-38336a3aecd7] succeeded in 0.002300299995113164s: {'success': True, 'response_id': 299, 'score': 0.0, 'category': 'neutral', 'text_length': 39}
[INFO] 2025-10-22 12:16:06 | celery.app.trace:128 | info | Task apps.evaluations.tasks.analyze_sentiment_task[791e3ce2-95e5-4adf-98e9-01503c294528] succeeded in 0.002056299999821931s: {'success': True, 'response_id': 300, 'score': 0.0, 'category': 'neutral', 'text_length': 56}
[INFO] 2025-10-22 12:16:06 | celery.app.trace:128 | info | Task apps.evaluations.tasks.analyze_sentiment_task[c30056f9-f773-40fe-afbd-1bd92de244da] succeeded in 0.0019770000071730465s: {'success': True, 'response_id': 313, 'score': 0.0, 'category': 'neutral', 'text_length': 44}
[INFO] 2025-10-22 12:16:06 | celery.app.trace:128 | info | Task apps.evaluations.tasks.analyze_sentiment_task[38d4cf1a-d172-4b3a-a3de-645576c195c7] succeeded in 0.0018297999922651798s: {'success': True, 'response_id': 314, 'score': 0.0, 'category': 'neutral', 'text_length': 54}
[INFO] 2025-10-22 12:16:06 | celery.app.trace:128 | info | Task apps.evaluations.tasks.analyze_sentiment_task[b4446938-746b-4648-948e-3d1647c837b0] succeeded in 0.001777899989974685s: {'success': True, 'response_id': 315, 'score': 0.0, 'category': 'neutral', 'text_length': 51}
[INFO] 2025-10-22 12:16:06 | celery.app.trace:128 | info | Task apps.evaluations.tasks.analyze_sentiment_task[8e691a78-7878-4874-b0e9-cd59c2000fd0] succeeded in 0.001853800000390038s: {'success': True, 'response_id': 328, 'score': 0.0, 'category': 'neutral', 'text_length': 61}
[INFO] 2025-10-22 12:16:06 | celery.app.trace:128 | info | Task apps.evaluations.tasks.analyze_sentiment_task[0beb0e8c-4b70-4a6e-9141-acae827540b0] succeeded in 0.002541699999710545s: {'success': True, 'response_id': 329, 'score': 0.0, 'category': 'neutral', 'text_length': 44}
[INFO] 2025-10-22 12:16:06 | celery.app.trace:128 | info | Task apps.evaluations.tasks.analyze_sentiment_task[2195708a-c2f5-4028-a2fd-639954a83354] succeeded in 0.002091999995172955s: {'success': True, 'response_id': 330, 'score': 0.0, 'category': 'neutral', 'text_length': 64}
[INFO] 2025-10-22 12:16:06 | celery.app.trace:128 | info | Task apps.evaluations.tasks.analyze_sentiment_task[1c6f5a69-1633-47e1-bd6d-f2b5f2780358] succeeded in 0.001967000003787689s: {'success': True, 'response_id': 343, 'score': 0.0, 'category': 'neutral', 'text_length': 61}
[INFO] 2025-10-22 12:16:06 | celery.app.trace:128 | info | Task apps.evaluations.tasks.analyze_sentiment_task[e452df01-b033-4779-a62d-0d5d500320ac] succeeded in 0.0026276999997207895s: {'success': True, 'response_id': 344, 'score': 0.0, 'category': 'neutral', 'text_length': 39}
[INFO] 2025-10-22 12:16:06 | celery.app.trace:128 | info | Task apps.evaluations.tasks.analyze_sentiment_task[c4adbdb7-13f4-4b6a-99d8-8311fbdbd639] succeeded in 0.0022284000006038696s: {'success': True, 'response_id': 345, 'score': 0.0, 'category': 'neutral', 'text_length': 70}
[INFO] 2025-10-22 12:16:06 | celery.app.trace:128 | info | Task apps.evaluations.tasks.analyze_sentiment_task[e3b9e015-073e-4d1e-888d-630651517274] succeeded in 0.001988800009712577s: {'success': True, 'response_id': 358, 'score': 0.0, 'category': 'neutral', 'text_length': 44}
[INFO] 2025-10-22 12:16:06 | celery.app.trace:128 | info | Task apps.evaluations.tasks.analyze_sentiment_task[872cc91b-66f4-4175-bf55-671b0bfb7a17] succeeded in 0.0019001000036951154s: {'success': True, 'response_id': 359, 'score': 0.0, 'category': 'neutral', 'text_length': 44}
[INFO] 2025-10-22 12:16:06 | celery.app.trace:128 | info | Task apps.evaluations.tasks.analyze_sentiment_task[7a82d76c-888d-48e7-8cf0-8182b24b0ff0] succeeded in 0.0015614000003552064s: {'success': True, 'response_id': 360, 'score': 0.0, 'category': 'neutral', 'text_length': 64}
[INFO] 2025-10-22 12:16:06 | celery.app.trace:128 | info | Task apps.evaluations.tasks.analyze_sentiment_task[a8ef8329-c9fb-4488-8a0b-838a451e36f7] succeeded in 0.0016823999903863296s: {'success': True, 'response_id': 373, 'score': 0.0, 'category': 'neutral', 'text_length': 44}
[INFO] 2025-10-22 12:16:06 | celery.app.trace:128 | info | Task apps.evaluations.tasks.analyze_sentiment_task[3f5ec891-b4e1-42fa-b2f5-2028b1891ebf] succeeded in 0.0016783000028226525s: {'success': True, 'response_id': 374, 'score': 0.0, 'category': 'neutral', 'text_length': 52}
[INFO] 2025-10-22 12:16:06 | celery.app.trace:128 | info | Task apps.evaluations.tasks.analyze_sentiment_task[cf6165e4-1df1-4bb1-9d7d-d732f552c3b1] succeeded in 0.0015370000037364662s: {'success': True, 'response_id': 375, 'score': 0.0, 'category': 'neutral', 'text_length': 56}
[INFO] 2025-10-22 12:16:35 | celery.app.trace:128 | info | Task apps.evaluations.tasks.analyze_sentiment_task[5f61ecef-6148-40ea-a5eb-1360026adfe5] succeeded in 0.03852339999866672s: {'success': True, 'response_id': 388, 'score': 0.0, 'category': 'neutral', 'text_length': 35}
[INFO] 2025-10-22 12:16:35 | celery.app.trace:128 | info | Task apps.evaluations.tasks.analyze_sentiment_task[60e2faf6-31ed-46c7-9158-6ec774ef36e5] succeeded in 0.009267599991289899s: {'success': True, 'response_id': 389, 'score': 0.0, 'category': 'neutral', 'text_length': 54}
[INFO] 2025-10-22 12:16:35 | celery.app.trace:128 | info | Task apps.evaluations.tasks.analyze_sentiment_task[9d5ae894-1f8a-4d22-89bc-93bbd0e07e58] succeeded in 0.008450599998468533s: {'success': True, 'response_id': 390, 'score': 0.0, 'category': 'neutral', 'text_length': 51}
[INFO] 2025-10-22 12:16:35 | celery.app.trace:128 | info | Task apps.evaluations.tasks.analyze_sentiment_task[4140e665-e8b6-4348-8cc1-43f364e9e92c] succeeded in 0.008239400005550124s: {'success': True, 'response_id': 403, 'score': 0.0, 'category': 'neutral', 'text_length': 47}
[INFO] 2025-10-22 12:16:35 | celery.app.trace:128 | info | Task apps.evaluations.tasks.analyze_sentiment_task[6ea16d99-4970-49a0-971f-9f4be31f20b8] succeeded in 0.008060400010435842s: {'success': True, 'response_id': 404, 'score': 0.0, 'category': 'neutral', 'text_length': 39}
[INFO] 2025-10-22 12:16:35 | celery.app.trace:128 | info | Task apps.evaluations.tasks.analyze_sentiment_task[d803ddba-1679-4f4a-8b0f-beabcc499298] succeeded in 0.007956699992064387s: {'success': True, 'response_id': 405, 'score': 0.0, 'category': 'neutral', 'text_length': 56}
[INFO] 2025-10-22 12:16:35 | celery.app.trace:128 | info | Task apps.evaluations.tasks.analyze_sentiment_task[e74b02cf-6040-497f-b231-d207ccdc0248] succeeded in 0.008490899999742396s: {'success': True, 'response_id': 418, 'score': 0.0, 'category': 'neutral', 'text_length': 44}
[INFO] 2025-10-22 12:16:35 | celery.app.trace:128 | info | Task apps.evaluations.tasks.analyze_sentiment_task[59ee3c00-dd70-4136-84b8-a843d9b3eefd] succeeded in 0.007938800001284108s: {'success': True, 'response_id': 419, 'score': 0.0, 'category': 'neutral', 'text_length': 44}
[INFO] 2025-10-22 12:16:35 | celery.app.trace:128 | info | Task apps.evaluations.tasks.analyze_sentiment_task[3c7fdf8e-efce-4aa2-8fcc-1d9847a1f349] succeeded in 0.008191200002329424s: {'success': True, 'response_id': 420, 'score': 0.0, 'category': 'neutral', 'text_length': 64}
[INFO] 2025-10-22 12:16:35 | celery.app.trace:128 | info | Task apps.evaluations.tasks.analyze_sentiment_task[07cf3360-aa70-4176-bdd6-233421c7dcde] succeeded in 0.007933000000775792s: {'success': True, 'response_id': 433, 'score': 0.0, 'category': 'neutral', 'text_length': 44}
[INFO] 2025-10-22 12:16:35 | celery.app.trace:128 | info | Task apps.evaluations.tasks.analyze_sentiment_task[0a24582a-9994-4540-bf03-69a4a8118758] succeeded in 0.008434499992290512s: {'success': True, 'response_id': 434, 'score': 0.0, 'category': 'neutral', 'text_length': 39}
[INFO] 2025-10-22 12:16:35 | celery.app.trace:128 | info | Task apps.evaluations.tasks.analyze_sentiment_task[116cb329-617d-4819-974e-e0760036282f] succeeded in 0.007748200005153194s: {'success': True, 'response_id': 435, 'score': 0.0, 'category': 'neutral', 'text_length': 52}
[INFO] 2025-10-22 12:16:35 | celery.app.trace:128 | info | Task apps.evaluations.tasks.analyze_sentiment_task[9e252083-96db-43ed-86f4-e599d6eea581] succeeded in 0.007815900011337362s: {'success': True, 'response_id': 448, 'score': 0.0, 'category': 'neutral', 'text_length': 44}
[INFO] 2025-10-22 12:16:35 | celery.app.trace:128 | info | Task apps.evaluations.tasks.analyze_sentiment_task[193740af-0bc5-4720-a2df-1a678f75a404] succeeded in 0.007782000000588596s: {'success': True, 'response_id': 449, 'score': 0.0, 'category': 'neutral', 'text_length': 44}
[INFO] 2025-10-22 12:16:35 | celery.app.trace:128 | info | Task apps.evaluations.tasks.analyze_sentiment_task[baeef28a-d769-4c36-9eb3-dd05311b49bf] succeeded in 0.007347200007643551s: {'success': True, 'response_id': 450, 'score': 0.0, 'category': 'neutral', 'text_length': 54}
[INFO] 2025-10-22 12:16:35 | celery.app.trace:128 | info | Task apps.evaluations.tasks.analyze_sentiment_task[8fb099dd-20b3-4546-945c-19be2c91e430] succeeded in 0.007310000000870787s: {'success': True, 'response_id': 463, 'score': -0.4019, 'category': 'negative', 'text_length': 61}
[INFO] 2025-10-22 12:16:35 | celery.app.trace:128 | info | Task apps.evaluations.tasks.analyze_sentiment_task[a9446ad4-104c-4662-8e17-f5998ff2e637] succeeded in 0.00698950000514742s: {'success': True, 'response_id': 464, 'score': 0.0, 'category': 'neutral', 'text_length': 52}
[INFO] 2025-10-22 12:16:35 | celery.app.trace:128 | info | Task apps.evaluations.tasks.analyze_sentiment_task[773a1578-02ab-4902-a68f-e887c85aa01e] succeeded in 0.007033699992462061s: {'success': True, 'response_id': 465, 'score': 0.0, 'category': 'neutral', 'text_length': 56}
[INFO] 2025-10-22 12:16:35 | celery.app.trace:128 | info | Task apps.evaluations.tasks.analyze_sentiment_task[3bc8c8ce-9776-4a48-87ef-62af1f17d0e7] succeeded in 0.007003499995335005s: {'success': True, 'response_id': 478, 'score': -0.4019, 'category': 'negative', 'text_length': 61}
[INFO] 2025-10-22 12:16:35 | celery.app.trace:128 | info | Task apps.evaluations.tasks.analyze_sentiment_task[1fe70183-d6eb-4f94-bc31-db0f2d8fe0fa] succeeded in 0.00698279999778606s: {'success': True, 'response_id': 479, 'score': 0.0, 'category': 'neutral', 'text_length': 39}
[INFO] 2025-10-22 12:16:35 | celery.app.trace:128 | info | Task apps.evaluations.tasks.analyze_sentiment_task[da82342a-7e51-4f68-9c91-0ebeb96800cb] succeeded in 0.006920700005139224s: {'success': True, 'response_id': 480, 'score': 0.0, 'category': 'neutral', 'text_length': 56}
[INFO] 2025-10-22 12:16:35 | celery.app.trace:128 | info | Task apps.evaluations.tasks.analyze_sentiment_task[ca610c30-5d8f-4fc1-bad2-469938ed2f8c] succeeded in 0.007498999999370426s: {'success': True, 'response_id': 493, 'score': 0.0, 'category': 'neutral', 'text_length': 35}
[INFO] 2025-10-22 12:16:35 | celery.app.trace:128 | info | Task apps.evaluations.tasks.analyze_sentiment_task[7b497246-d091-4f10-8919-8f24a4b21ceb] succeeded in 0.007150100005674176s: {'success': True, 'response_id': 494, 'score': 0.0, 'category': 'neutral', 'text_length': 44}
[INFO] 2025-10-22 12:16:35 | celery.app.trace:128 | info | Task apps.evaluations.tasks.analyze_sentiment_task[d85ccb2b-e72e-41cf-be51-b2ae7246011a] succeeded in 0.007618100004037842s: {'success': True, 'response_id': 495, 'score': 0.0, 'category': 'neutral', 'text_length': 56}
[INFO] 2025-10-22 12:16:35 | celery.app.trace:128 | info | Task apps.evaluations.tasks.analyze_sentiment_task[2edb949b-2489-4003-a334-99cd113c2fab] succeeded in 0.007494399993447587s: {'success': True, 'response_id': 508, 'score': 0.0, 'category': 'neutral', 'text_length': 47}
[INFO] 2025-10-22 12:16:35 | celery.app.trace:128 | info | Task apps.evaluations.tasks.analyze_sentiment_task[bf86a6f2-0438-4876-b02a-95df9ec44a90] succeeded in 0.007360499992500991s: {'success': True, 'response_id': 509, 'score': 0.0, 'category': 'neutral', 'text_length': 44}
[INFO] 2025-10-22 12:16:35 | celery.app.trace:128 | info | Task apps.evaluations.tasks.analyze_sentiment_task[7dcbe7f7-df72-4b27-8965-5c79f9f0652b] succeeded in 0.007266100001288578s: {'success': True, 'response_id': 510, 'score': 0.0, 'category': 'neutral', 'text_length': 52}
[INFO] 2025-10-22 12:16:35 | celery.app.trace:128 | info | Task apps.evaluations.tasks.analyze_sentiment_task[e38a12a1-3145-4128-9524-4865559502d0] succeeded in 0.0071229000022867694s: {'success': True, 'response_id': 523, 'score': 0.0, 'category': 'neutral', 'text_length': 47}
[INFO] 2025-10-22 12:16:35 | celery.app.trace:128 | info | Task apps.evaluations.tasks.analyze_sentiment_task[da4d9238-f4b9-4af6-931d-6340e1d4057a] succeeded in 0.006743700010702014s: {'success': True, 'response_id': 524, 'score': 0.0, 'category': 'neutral', 'text_length': 39}
[INFO] 2025-10-22 12:16:35 | celery.app.trace:128 | info | Task apps.evaluations.tasks.analyze_sentiment_task[877f7677-15a1-4b58-963c-89b1863615bb] succeeded in 0.007767600007355213s: {'success': True, 'response_id': 525, 'score': 0.0, 'category': 'neutral', 'text_length': 56}
[INFO] 2025-10-22 12:16:35 | celery.app.trace:128 | info | Task apps.evaluations.tasks.analyze_sentiment_task[057a4d42-d335-4986-8ff5-8ebb7d989bda] succeeded in 0.007195399986812845s: {'success': True, 'response_id': 538, 'score': -0.4019, 'category': 'negative', 'text_length': 61}
[INFO] 2025-10-22 12:16:35 | celery.app.trace:128 | info | Task apps.evaluations.tasks.analyze_sentiment_task[e13ff714-9eb8-4097-9ab2-59b3d37e241d] succeeded in 0.007038700001430698s: {'success': True, 'response_id': 539, 'score': 0.0, 'category': 'neutral', 'text_length': 52}
[INFO] 2025-10-22 12:16:35 | celery.app.trace:128 | info | Task apps.evaluations.tasks.analyze_sentiment_task[1a660b2e-062e-45aa-b605-70934f173ce3] succeeded in 0.0073188999958802015s: {'success': True, 'response_id': 540, 'score': 0.0, 'category': 'neutral', 'text_length': 71}
[INFO] 2025-10-22 12:16:35 | celery.app.trace:128 | info | Task apps.evaluations.tasks.analyze_sentiment_task[677354de-609d-43fe-99d3-43533ec0b768] succeeded in 0.007639699993887916s: {'success': True, 'response_id': 553, 'score': 0.0, 'category': 'neutral', 'text_length': 35}
[INFO] 2025-10-22 12:16:36 | celery.app.trace:128 | info | Task apps.evaluations.tasks.analyze_sentiment_task[012c0299-ed36-4793-b349-15fd9eeb8c7b] succeeded in 0.007066399994073436s: {'success': True, 'response_id': 554, 'score': 0.0, 'category': 'neutral', 'text_length': 39}
[INFO] 2025-10-22 12:16:36 | celery.app.trace:128 | info | Task apps.evaluations.tasks.analyze_sentiment_task[b96f6224-42d4-4902-a399-fd155655c946] succeeded in 0.007115900007192977s: {'success': True, 'response_id': 555, 'score': 0.0, 'category': 'neutral', 'text_length': 51}
[INFO] 2025-10-22 12:16:36 | celery.app.trace:128 | info | Task apps.evaluations.tasks.analyze_sentiment_task[31fdbfc7-3221-4a17-8321-67309b1f833c] succeeded in 0.007150000004912727s: {'success': True, 'response_id': 568, 'score': 0.0, 'category': 'neutral', 'text_length': 44}
[INFO] 2025-10-22 12:16:36 | celery.app.trace:128 | info | Task apps.evaluations.tasks.analyze_sentiment_task[5e573be6-815b-4288-bd7c-7c2c46915ebc] succeeded in 0.007166800001868978s: {'success': True, 'response_id': 569, 'score': 0.0, 'category': 'neutral', 'text_length': 44}
[INFO] 2025-10-22 12:16:36 | celery.app.trace:128 | info | Task apps.evaluations.tasks.analyze_sentiment_task[9252f727-0768-4abb-8a06-0daab2e3fff5] succeeded in 0.007069800005410798s: {'success': True, 'response_id': 570, 'score': 0.0, 'category': 'neutral', 'text_length': 54}
[INFO] 2025-10-22 12:20:13 | celery.app.trace:128 | info | Task apps.evaluations.tasks.analyze_sentiment_task[63d03722-f43e-4a08-9428-55088ceac703] succeeded in 0.03441049999673851s: {'success': True, 'response_id': 583, 'score': -0.4019, 'category': 'negative', 'text_length': 61}
[INFO] 2025-10-22 12:20:14 | celery.app.trace:128 | info | Task apps.evaluations.tasks.analyze_sentiment_task[79edc25b-fcc9-441c-ab4e-d574b37fb568] succeeded in 0.0075883999961661175s: {'success': True, 'response_id': 584, 'score': 0.0, 'category': 'neutral', 'text_length': 54}
[INFO] 2025-10-22 12:20:14 | celery.app.trace:128 | info | Task apps.evaluations.tasks.analyze_sentiment_task[de5a935f-1094-420c-8688-967113cdf06b] succeeded in 0.007000500001595356s: {'success': True, 'response_id': 585, 'score': 0.0, 'category': 'neutral', 'text_length': 64}
[INFO] 2025-10-22 12:20:14 | celery.app.trace:128 | info | Task apps.evaluations.tasks.analyze_sentiment_task[60479f27-04d8-486e-a72f-e17d6714c51a] succeeded in 0.006882300003780983s: {'success': True, 'response_id': 598, 'score': 0.0, 'category': 'neutral', 'text_length': 35}
[INFO] 2025-10-22 12:20:14 | celery.app.trace:128 | info | Task apps.evaluations.tasks.analyze_sentiment_task[d9c057b5-f554-4cba-bd8d-ea4798860370] succeeded in 0.006959999998798594s: {'success': True, 'response_id': 599, 'score': 0.0, 'category': 'neutral', 'text_length': 39}
[INFO] 2025-10-22 12:20:14 | celery.app.trace:128 | info | Task apps.evaluations.tasks.analyze_sentiment_task[2cc0e6bd-7431-4fa3-897c-48132cc0c9c1] succeeded in 0.0068005000066477805s: {'success': True, 'response_id': 600, 'score': 0.0, 'category': 'neutral', 'text_length': 64}
[INFO] 2025-10-22 12:20:14 | celery.app.trace:128 | info | Task apps.evaluations.tasks.analyze_sentiment_task[30d583ec-8233-4f8b-ab58-920b3534978a] succeeded in 0.007197200000518933s: {'success': True, 'response_id': 613, 'score': 0.0, 'category': 'neutral', 'text_length': 44}
[INFO] 2025-10-22 12:20:14 | celery.app.trace:128 | info | Task apps.evaluations.tasks.analyze_sentiment_task[63dd4d00-59b3-4ccd-a4d7-bffb859d311b] succeeded in 0.00733030000992585s: {'success': True, 'response_id': 614, 'score': 0.0, 'category': 'neutral', 'text_length': 54}
[INFO] 2025-10-22 12:20:14 | celery.app.trace:128 | info | Task apps.evaluations.tasks.analyze_sentiment_task[2a89d443-978b-4eca-9c99-15980b763422] succeeded in 0.006752700006472878s: {'success': True, 'response_id': 615, 'score': 0.0, 'category': 'neutral', 'text_length': 52}
[INFO] 2025-10-22 12:20:14 | celery.app.trace:128 | info | Task apps.evaluations.tasks.analyze_sentiment_task[47318d0e-0898-4adc-854b-9c3ef79aa7e2] succeeded in 0.006935500001418404s: {'success': True, 'response_id': 628, 'score': -0.4019, 'category': 'negative', 'text_length': 61}
[INFO] 2025-10-22 12:20:14 | celery.app.trace:128 | info | Task apps.evaluations.tasks.analyze_sentiment_task[0840318f-6364-4f91-864e-c0f1f8e2f35b] succeeded in 0.007237300000269897s: {'success': True, 'response_id': 629, 'score': 0.0, 'category': 'neutral', 'text_length': 54}
[INFO] 2025-10-22 12:20:14 | celery.app.trace:128 | info | Task apps.evaluations.tasks.analyze_sentiment_task[87bbf080-7406-487e-81f3-21b86aba442d] succeeded in 0.0067660999920917675s: {'success': True, 'response_id': 630, 'score': 0.0, 'category': 'neutral', 'text_length': 70}
[INFO] 2025-10-22 12:20:14 | celery.app.trace:128 | info | Task apps.evaluations.tasks.analyze_sentiment_task[4fe1b086-2e9c-4d25-90b7-c64783bcb230] succeeded in 0.006907000002684072s: {'success': True, 'response_id': 643, 'score': 0.0, 'category': 'neutral', 'text_length': 47}
[INFO] 2025-10-22 12:20:14 | celery.app.trace:128 | info | Task apps.evaluations.tasks.analyze_sentiment_task[1a4ce939-98c5-4d33-b361-23e09346ea13] succeeded in 0.007028899999568239s: {'success': True, 'response_id': 644, 'score': 0.0, 'category': 'neutral', 'text_length': 44}
[INFO] 2025-10-22 12:20:14 | celery.app.trace:128 | info | Task apps.evaluations.tasks.analyze_sentiment_task[0b356480-3544-4496-9fbb-f6194a60e01d] succeeded in 0.0067605999938678s: {'success': True, 'response_id': 645, 'score': 0.0, 'category': 'neutral', 'text_length': 64}
[INFO] 2025-10-22 12:20:14 | celery.app.trace:128 | info | Task apps.evaluations.tasks.analyze_sentiment_task[d78c4380-ad95-4008-b86d-e4134c757484] succeeded in 0.007251899995026179s: {'success': True, 'response_id': 658, 'score': 0.0, 'category': 'neutral', 'text_length': 47}
[INFO] 2025-10-22 12:20:14 | celery.app.trace:128 | info | Task apps.evaluations.tasks.analyze_sentiment_task[5259c1b2-cbf2-4e23-9533-03de60aa15a1] succeeded in 0.007146300005842932s: {'success': True, 'response_id': 659, 'score': 0.0, 'category': 'neutral', 'text_length': 52}
[INFO] 2025-10-22 12:20:14 | celery.app.trace:128 | info | Task apps.evaluations.tasks.analyze_sentiment_task[a0cda3bf-965b-4aba-b657-3e93b6ccea26] succeeded in 0.007298700002138503s: {'success': True, 'response_id': 660, 'score': 0.0, 'category': 'neutral', 'text_length': 56}
[INFO] 2025-10-22 12:20:14 | celery.app.trace:128 | info | Task apps.evaluations.tasks.analyze_sentiment_task[7ace9f6a-3a59-466f-beab-b278c4bfdfb5] succeeded in 0.007931200001621619s: {'success': True, 'response_id': 673, 'score': 0.0, 'category': 'neutral', 'text_length': 35}
[INFO] 2025-10-22 12:20:14 | celery.app.trace:128 | info | Task apps.evaluations.tasks.analyze_sentiment_task[5e0a4976-4eaf-47f2-97ae-06c9bc185b83] succeeded in 0.0076861999987158924s: {'success': True, 'response_id': 674, 'score': 0.0, 'category': 'neutral', 'text_length': 39}
[INFO] 2025-10-22 12:20:14 | celery.app.trace:128 | info | Task apps.evaluations.tasks.analyze_sentiment_task[5cc76da9-bce1-4fb5-968b-a79a5cfbc60e] succeeded in 0.007547899993369356s: {'success': True, 'response_id': 675, 'score': 0.0, 'category': 'neutral', 'text_length': 51}
[INFO] 2025-10-22 12:20:14 | celery.app.trace:128 | info | Task apps.evaluations.tasks.analyze_sentiment_task[f741ad79-2e9e-4519-986a-cb8ac40f3252] succeeded in 0.0072106000006897375s: {'success': True, 'response_id': 688, 'score': 0.0, 'category': 'neutral', 'text_length': 47}
[INFO] 2025-10-22 12:20:14 | celery.app.trace:128 | info | Task apps.evaluations.tasks.analyze_sentiment_task[dc49fed5-0917-4e1f-9bef-023977ca8165] succeeded in 0.007102599993231706s: {'success': True, 'response_id': 689, 'score': 0.0, 'category': 'neutral', 'text_length': 44}
[INFO] 2025-10-22 12:20:14 | celery.app.trace:128 | info | Task apps.evaluations.tasks.analyze_sentiment_task[5749ba5c-5694-45af-81cc-c958c189125a] succeeded in 0.007282199992914684s: {'success': True, 'response_id': 690, 'score': 0.0, 'category': 'neutral', 'text_length': 69}
[INFO] 2025-10-22 12:20:14 | celery.app.trace:128 | info | Task apps.evaluations.tasks.analyze_sentiment_task[41ba7fbe-ca12-495f-943c-b335e471fd92] succeeded in 0.00699979999626521s: {'success': True, 'response_id': 703, 'score': 0.0, 'category': 'neutral', 'text_length': 44}
[INFO] 2025-10-22 12:20:14 | celery.app.trace:128 | info | Task apps.evaluations.tasks.analyze_sentiment_task[6c9d99a8-ea04-4c96-8d86-220bc30bf879] succeeded in 0.0070623000065097585s: {'success': True, 'response_id': 704, 'score': 0.0, 'category': 'neutral', 'text_length': 39}
[INFO] 2025-10-22 12:20:14 | celery.app.trace:128 | info | Task apps.evaluations.tasks.analyze_sentiment_task[cdda6b73-b7f0-4d8f-94d2-235b5b9ec4fd] succeeded in 0.007552899987786077s: {'success': True, 'response_id': 705, 'score': 0.0, 'category': 'neutral', 'text_length': 64}
[INFO] 2025-10-22 12:20:14 | celery.app.trace:128 | info | Task apps.evaluations.tasks.analyze_sentiment_task[de55889f-f665-4065-b2fc-03e1f91bc159] succeeded in 0.007310800006962381s: {'success': True, 'response_id': 718, 'score': 0.0, 'category': 'neutral', 'text_length': 35}
[INFO] 2025-10-22 12:20:14 | celery.app.trace:128 | info | Task apps.evaluations.tasks.analyze_sentiment_task[2059dbf9-e3cd-45fc-900c-a9d19dabd51f] succeeded in 0.006907500006491318s: {'success': True, 'response_id': 719, 'score': 0.0, 'category': 'neutral', 'text_length': 52}
[INFO] 2025-10-22 12:20:14 | celery.app.trace:128 | info | Task apps.evaluations.tasks.analyze_sentiment_task[153bfba9-1c5e-493f-8654-ba116d610ade] succeeded in 0.006903600005898625s: {'success': True, 'response_id': 720, 'score': 0.0, 'category': 'neutral', 'text_length': 56}
[INFO] 2025-10-22 12:20:14 | celery.app.trace:128 | info | Task apps.evaluations.tasks.analyze_sentiment_task[6e06d8c9-e1fe-4f7d-9fc6-5f0442cdd6cb] succeeded in 0.007096300003468059s: {'success': True, 'response_id': 733, 'score': -0.4019, 'category': 'negative', 'text_length': 61}
[INFO] 2025-10-22 12:20:14 | celery.app.trace:128 | info | Task apps.evaluations.tasks.analyze_sentiment_task[4303c5db-11d2-44c5-9c95-75ba4c50f6e5] succeeded in 0.006807800004025921s: {'success': True, 'response_id': 734, 'score': 0.0, 'category': 'neutral', 'text_length': 39}
[INFO] 2025-10-22 12:20:14 | celery.app.trace:128 | info | Task apps.evaluations.tasks.analyze_sentiment_task[7405db74-8e35-470c-adbb-3b8c48bb6224] succeeded in 0.0069807999971089885s: {'success': True, 'response_id': 735, 'score': 0.0, 'category': 'neutral', 'text_length': 69}
[INFO] 2025-10-22 12:29:49 | celery.app.trace:128 | info | Task apps.evaluations.tasks.analyze_sentiment_task[3bb57636-a652-4c2b-82af-ffaa9d3ff069] succeeded in 0.05229419999523088s: {'success': True, 'response_id': 13, 'score': 0.0, 'category': 'neutral', 'text_length': 63}
[INFO] 2025-10-22 12:29:49 | celery.app.trace:128 | info | Task apps.evaluations.tasks.analyze_sentiment_task[64a83516-5ebc-4623-ab0b-f7aba493b3d5] succeeded in 0.0020579999982146546s: {'success': True, 'response_id': 14, 'score': 0.0, 'category': 'neutral', 'text_length': 53}
[INFO] 2025-10-22 12:29:49 | celery.app.trace:128 | info | Task apps.evaluations.tasks.analyze_sentiment_task[ad409793-c4b4-4e0c-be10-2433cbebdbcd] succeeded in 0.001936000000569038s: {'success': True, 'response_id': 15, 'score': 0.0, 'category': 'neutral', 'text_length': 53}
[INFO] 2025-10-22 12:29:49 | celery.app.trace:128 | info | Task apps.evaluations.tasks.analyze_sentiment_task[09f76c61-886e-4c70-b79a-bf3398abf351] succeeded in 0.001796600001398474s: {'success': True, 'response_id': 28, 'score': 0.0, 'category': 'neutral', 'text_length': 53}
[INFO] 2025-10-22 12:29:49 | celery.app.trace:128 | info | Task apps.evaluations.tasks.analyze_sentiment_task[e24a320e-8ed2-4ef5-9c6c-e8518f44ec33] succeeded in 0.0017515999934403226s: {'success': True, 'response_id': 29, 'score': 0.0, 'category': 'neutral', 'text_length': 63}
[INFO] 2025-10-22 12:29:49 | celery.app.trace:128 | info | Task apps.evaluations.tasks.analyze_sentiment_task[706b3b2e-d0d9-4734-a1c4-7d05fddafcaa] succeeded in 0.001698199994280003s: {'success': True, 'response_id': 30, 'score': 0.0, 'category': 'neutral', 'text_length': 38}
[INFO] 2025-10-22 12:29:49 | celery.app.trace:128 | info | Task apps.evaluations.tasks.analyze_sentiment_task[e113ad6d-f97d-4627-b691-03551b3f7ca0] succeeded in 0.0019103000086033717s: {'success': True, 'response_id': 43, 'score': 0.0, 'category': 'neutral', 'text_length': 38}
[INFO] 2025-10-22 12:29:49 | celery.app.trace:128 | info | Task apps.evaluations.tasks.analyze_sentiment_task[08a26cb9-de53-4027-827d-36ecfab580c7] succeeded in 0.0017600999999558553s: {'success': True, 'response_id': 44, 'score': 0.0, 'category': 'neutral', 'text_length': 53}
[INFO] 2025-10-22 12:29:49 | celery.app.trace:128 | info | Task apps.evaluations.tasks.analyze_sentiment_task[e766ceb5-d709-40e2-9026-3d68d9862595] succeeded in 0.0019709000043803826s: {'success': True, 'response_id': 45, 'score': 0.0, 'category': 'neutral', 'text_length': 53}
[INFO] 2025-10-22 12:29:49 | celery.app.trace:128 | info | Task apps.evaluations.tasks.analyze_sentiment_task[03886804-8fe1-4e19-b8ff-30c1b737a785] succeeded in 0.0017828999989433214s: {'success': True, 'response_id': 58, 'score': 0.0, 'category': 'neutral', 'text_length': 53}
[INFO] 2025-10-22 12:29:49 | celery.app.trace:128 | info | Task apps.evaluations.tasks.analyze_sentiment_task[1da53d70-3781-4f2c-bb57-a702c1767a6a] succeeded in 0.0017490000027464703s: {'success': True, 'response_id': 59, 'score': 0.0, 'category': 'neutral', 'text_length': 53}
[INFO] 2025-10-22 12:29:49 | celery.app.trace:128 | info | Task apps.evaluations.tasks.analyze_sentiment_task[53379bb9-4a42-42ca-9e21-6e3683373f02] succeeded in 0.001847399995313026s: {'success': True, 'response_id': 60, 'score': 0.0, 'category': 'neutral', 'text_length': 63}
[INFO] 2025-10-22 12:29:49 | celery.app.trace:128 | info | Task apps.evaluations.tasks.analyze_sentiment_task[a032d0bd-24a6-4fa2-b253-7009e3577f21] succeeded in 0.0020226999913575128s: {'success': True, 'response_id': 73, 'score': 0.0, 'category': 'neutral', 'text_length': 38}
[INFO] 2025-10-22 12:29:49 | celery.app.trace:128 | info | Task apps.evaluations.tasks.analyze_sentiment_task[9c9db6fb-072d-4c68-a3dd-e883c9465042] succeeded in 0.0020874000038020313s: {'success': True, 'response_id': 74, 'score': 0.0, 'category': 'neutral', 'text_length': 53}
[INFO] 2025-10-22 12:29:49 | celery.app.trace:128 | info | Task apps.evaluations.tasks.analyze_sentiment_task[5e589432-9438-456b-9938-ac375fb7c319] succeeded in 0.001897499998449348s: {'success': True, 'response_id': 75, 'score': 0.0, 'category': 'neutral', 'text_length': 53}
[INFO] 2025-10-22 12:29:49 | celery.app.trace:128 | info | Task apps.evaluations.tasks.analyze_sentiment_task[40343e2c-3c6e-4d41-881b-d23e90d5e6f5] succeeded in 0.0017351999995298684s: {'success': True, 'response_id': 88, 'score': 0.0, 'category': 'neutral', 'text_length': 53}
[INFO] 2025-10-22 12:29:49 | celery.app.trace:128 | info | Task apps.evaluations.tasks.analyze_sentiment_task[9f6555f7-9ed0-4df4-ac23-bbdf0312ae79] succeeded in 0.0019333000091137365s: {'success': True, 'response_id': 89, 'score': 0.0, 'category': 'neutral', 'text_length': 38}
[INFO] 2025-10-22 12:29:49 | celery.app.trace:128 | info | Task apps.evaluations.tasks.analyze_sentiment_task[5407559f-3f71-4efb-8d5e-67f3de4671e1] succeeded in 0.0020588000043062493s: {'success': True, 'response_id': 90, 'score': 0.0, 'category': 'neutral', 'text_length': 63}
[INFO] 2025-10-22 12:29:49 | celery.app.trace:128 | info | Task apps.evaluations.tasks.analyze_sentiment_task[b73d1087-8919-461d-91fe-fc72f6b4b785] succeeded in 0.0019567999988794327s: {'success': True, 'response_id': 103, 'score': 0.0, 'category': 'neutral', 'text_length': 53}
[INFO] 2025-10-22 12:29:49 | celery.app.trace:128 | info | Task apps.evaluations.tasks.analyze_sentiment_task[e524296d-98e9-45b6-baca-6e13ba7f7c12] succeeded in 0.001931099992361851s: {'success': True, 'response_id': 104, 'score': 0.0, 'category': 'neutral', 'text_length': 63}
[INFO] 2025-10-22 12:29:49 | celery.app.trace:128 | info | Task apps.evaluations.tasks.analyze_sentiment_task[27b65e29-102b-4080-9a3b-4c703df466c3] succeeded in 0.0019285000016679987s: {'success': True, 'response_id': 105, 'score': 0.0, 'category': 'neutral', 'text_length': 63}
[INFO] 2025-10-22 12:29:49 | celery.app.trace:128 | info | Task apps.evaluations.tasks.analyze_sentiment_task[a2ba856a-5611-43f7-875f-19dbcf44eb75] succeeded in 0.0018965000053867698s: {'success': True, 'response_id': 118, 'score': 0.0, 'category': 'neutral', 'text_length': 38}
[INFO] 2025-10-22 12:29:49 | celery.app.trace:128 | info | Task apps.evaluations.tasks.analyze_sentiment_task[4b159870-2cfc-4cb0-9c06-889adfcf6093] succeeded in 0.0022487000096589327s: {'success': True, 'response_id': 119, 'score': 0.0, 'category': 'neutral', 'text_length': 63}
[INFO] 2025-10-22 12:29:49 | celery.app.trace:128 | info | Task apps.evaluations.tasks.analyze_sentiment_task[a6a85212-fd9c-4528-8331-c01a3e8c846c] succeeded in 0.0018779999954858795s: {'success': True, 'response_id': 120, 'score': 0.0, 'category': 'neutral', 'text_length': 53}
[INFO] 2025-10-22 12:29:49 | celery.app.trace:128 | info | Task apps.evaluations.tasks.analyze_sentiment_task[775fca30-00a4-4f68-b735-33df03bc69b7] succeeded in 0.002176900001359172s: {'success': True, 'response_id': 133, 'score': 0.0, 'category': 'neutral', 'text_length': 53}
[INFO] 2025-10-22 12:29:49 | celery.app.trace:128 | info | Task apps.evaluations.tasks.analyze_sentiment_task[827a500d-ce9e-41fa-99ff-1faec147e08e] succeeded in 0.00206090000574477s: {'success': True, 'response_id': 134, 'score': 0.0, 'category': 'neutral', 'text_length': 53}
[INFO] 2025-10-22 12:29:49 | celery.app.trace:128 | info | Task apps.evaluations.tasks.analyze_sentiment_task[511e825c-0c63-456c-b855-7f14f4da23b9] succeeded in 0.0026111999904969707s: {'success': True, 'response_id': 135, 'score': 0.0, 'category': 'neutral', 'text_length': 63}
[INFO] 2025-10-22 12:29:49 | celery.app.trace:128 | info | Task apps.evaluations.tasks.analyze_sentiment_task[0029c84a-7cc0-4bd5-8671-8026a0c97199] succeeded in 0.0017032999894581735s: {'success': True, 'response_id': 148, 'score': 0.0, 'category': 'neutral', 'text_length': 38}
[INFO] 2025-10-22 12:29:49 | celery.app.trace:128 | info | Task apps.evaluations.tasks.analyze_sentiment_task[02e81fb3-45b5-40c0-b967-c73067ec738d] succeeded in 0.0022631000028923154s: {'success': True, 'response_id': 149, 'score': 0.0, 'category': 'neutral', 'text_length': 53}
[INFO] 2025-10-22 12:29:49 | celery.app.trace:128 | info | Task apps.evaluations.tasks.analyze_sentiment_task[eb73a16c-6ab1-4333-8ed1-3f1149c150be] succeeded in 0.002155900001525879s: {'success': True, 'response_id': 150, 'score': 0.0, 'category': 'neutral', 'text_length': 63}
[INFO] 2025-10-22 12:29:49 | celery.app.trace:128 | info | Task apps.evaluations.tasks.analyze_sentiment_task[ae50d8e9-870a-4695-8a57-06e4e859292a] succeeded in 0.0017934000061359257s: {'success': True, 'response_id': 163, 'score': 0.0, 'category': 'neutral', 'text_length': 63}
[INFO] 2025-10-22 12:29:49 | celery.app.trace:128 | info | Task apps.evaluations.tasks.analyze_sentiment_task[7c3d31cb-d576-4635-92b2-08d7091a3e40] succeeded in 0.00176830000418704s: {'success': True, 'response_id': 164, 'score': 0.0, 'category': 'neutral', 'text_length': 38}
[INFO] 2025-10-22 12:29:49 | celery.app.trace:128 | info | Task apps.evaluations.tasks.analyze_sentiment_task[d780d869-a0ca-4f3f-a942-fc89c041d145] succeeded in 0.0017546000017318875s: {'success': True, 'response_id': 165, 'score': 0.0, 'category': 'neutral', 'text_length': 63}
[INFO] 2025-10-22 12:29:49 | celery.app.trace:128 | info | Task apps.evaluations.tasks.analyze_sentiment_task[ac9c7cda-3b79-49c9-ae48-60f81a94f75d] succeeded in 0.0014525000005960464s: {'success': True, 'response_id': 178, 'score': 0.0, 'category': 'neutral', 'text_length': 53}
[INFO] 2025-10-22 12:29:49 | celery.app.trace:128 | info | Task apps.evaluations.tasks.analyze_sentiment_task[0aa51158-6d7a-4c07-8e68-b92b4b165dcd] succeeded in 0.0014860999945085496s: {'success': True, 'response_id': 179, 'score': 0.0, 'category': 'neutral', 'text_length': 38}
[INFO] 2025-10-22 12:29:49 | celery.app.trace:128 | info | Task apps.evaluations.tasks.analyze_sentiment_task[95cad6f5-c8b4-4df7-a994-cb2385b60c69] succeeded in 0.0022169999865582213s: {'success': True, 'response_id': 180, 'score': 0.0, 'category': 'neutral', 'text_length': 38}
[INFO] 2025-10-22 12:29:49 | celery.app.trace:128 | info | Task apps.evaluations.tasks.analyze_sentiment_task[a443d235-99c2-4248-a129-98c7bf92219a] succeeded in 0.00145419999898877s: {'success': True, 'response_id': 193, 'score': 0.0, 'category': 'neutral', 'text_length': 53}
[INFO] 2025-10-22 12:29:49 | celery.app.trace:128 | info | Task apps.evaluations.tasks.analyze_sentiment_task[0893d68b-7a77-4190-bac9-8e80b9b15e6e] succeeded in 0.0015052000089781359s: {'success': True, 'response_id': 194, 'score': 0.0, 'category': 'neutral', 'text_length': 63}
[INFO] 2025-10-22 12:29:49 | celery.app.trace:128 | info | Task apps.evaluations.tasks.analyze_sentiment_task[d17e1d6b-48c3-4370-afb7-cfa49b3e9bc5] succeeded in 0.0015901000006124377s: {'success': True, 'response_id': 195, 'score': 0.0, 'category': 'neutral', 'text_length': 63}
[INFO] 2025-10-22 12:29:50 | celery.app.trace:128 | info | Task apps.evaluations.tasks.analyze_sentiment_task[2a5fef3f-15b8-491a-817a-03908a3f1a20] succeeded in 0.002385799991316162s: {'success': True, 'response_id': 208, 'score': 0.0, 'category': 'neutral', 'text_length': 53}
[INFO] 2025-10-22 12:29:50 | celery.app.trace:128 | info | Task apps.evaluations.tasks.analyze_sentiment_task[a3555393-ad01-4aeb-9b91-1d5f8248df95] succeeded in 0.002622999993036501s: {'success': True, 'response_id': 209, 'score': 0.0, 'category': 'neutral', 'text_length': 63}
[INFO] 2025-10-22 12:29:50 | celery.app.trace:128 | info | Task apps.evaluations.tasks.analyze_sentiment_task[5857ca4c-95c2-4102-9bb4-4da477741152] succeeded in 0.0034890999959316105s: {'success': True, 'response_id': 210, 'score': 0.0, 'category': 'neutral', 'text_length': 63}
[INFO] 2025-10-22 12:30:58 | celery.app.trace:128 | info | Task apps.evaluations.tasks.analyze_sentiment_task[fbac44e8-71f1-43ac-a290-383045d1e715] succeeded in 0.07508100000268314s: {'success': True, 'response_id': 13, 'score': 0.0, 'category': 'neutral', 'text_length': 38}
[INFO] 2025-10-22 12:30:58 | celery.app.trace:128 | info | Task apps.evaluations.tasks.analyze_sentiment_task[cb6d862d-11db-420f-9e59-aad937888672] succeeded in 0.023499699993408285s: {'success': True, 'response_id': 14, 'score': 0.0, 'category': 'neutral', 'text_length': 63}
[INFO] 2025-10-22 12:30:58 | celery.app.trace:128 | info | Task apps.evaluations.tasks.analyze_sentiment_task[4e734fc7-aa31-4c5d-ba1e-40318d8e618c] succeeded in 0.02522779999708291s: {'success': True, 'response_id': 15, 'score': 0.0, 'category': 'neutral', 'text_length': 53}
[INFO] 2025-10-22 12:30:59 | celery.app.trace:128 | info | Task apps.evaluations.tasks.analyze_sentiment_task[10432be6-60d6-4c8c-ab2c-5875a9d84c0d] succeeded in 0.02717089999350719s: {'success': True, 'response_id': 28, 'score': 0.0, 'category': 'neutral', 'text_length': 38}
[INFO] 2025-10-22 12:30:59 | celery.app.trace:128 | info | Task apps.evaluations.tasks.analyze_sentiment_task[a6d12b37-1302-4737-828e-b3c4ff010ff1] succeeded in 0.0257147999946028s: {'success': True, 'response_id': 29, 'score': 0.0, 'category': 'neutral', 'text_length': 53}
[INFO] 2025-10-22 12:30:59 | celery.app.trace:128 | info | Task apps.evaluations.tasks.analyze_sentiment_task[ac150dfe-5686-4480-8884-a125ad36dfac] succeeded in 0.05123219999950379s: {'success': True, 'response_id': 30, 'score': 0.0, 'category': 'neutral', 'text_length': 63}
[INFO] 2025-10-22 12:30:59 | celery.app.trace:128 | info | Task apps.evaluations.tasks.analyze_sentiment_task[917bb58c-275a-4efe-9e56-deab777c0b52] succeeded in 0.026622400007909164s: {'success': True, 'response_id': 43, 'score': 0.0, 'category': 'neutral', 'text_length': 53}
[INFO] 2025-10-22 12:30:59 | celery.app.trace:128 | info | Task apps.evaluations.tasks.analyze_sentiment_task[6ac5add1-18f7-49aa-ad99-f27f63e12d2c] succeeded in 0.026789499999722466s: {'success': True, 'response_id': 44, 'score': 0.0, 'category': 'neutral', 'text_length': 63}
[INFO] 2025-10-22 12:31:00 | celery.app.trace:128 | info | Task apps.evaluations.tasks.analyze_sentiment_task[28bb36ef-f8bc-4f88-8c7a-a34c56bd5c31] succeeded in 0.028200999993714504s: {'success': True, 'response_id': 45, 'score': 0.0, 'category': 'neutral', 'text_length': 53}
[INFO] 2025-10-22 12:31:00 | celery.app.trace:128 | info | Task apps.evaluations.tasks.analyze_sentiment_task[56fc3250-f424-4753-806b-8c52c4819e47] succeeded in 0.047014399999170564s: {'success': True, 'response_id': 58, 'score': 0.0, 'category': 'neutral', 'text_length': 63}
[INFO] 2025-10-22 12:31:00 | celery.app.trace:128 | info | Task apps.evaluations.tasks.analyze_sentiment_task[7dc42771-b6c9-4a7c-9098-f94e77c51a91] succeeded in 0.027031799996620975s: {'success': True, 'response_id': 59, 'score': 0.0, 'category': 'neutral', 'text_length': 53}
[INFO] 2025-10-22 12:31:00 | celery.app.trace:128 | info | Task apps.evaluations.tasks.analyze_sentiment_task[2119f5bf-2390-42be-b8f8-476bffb293c4] succeeded in 0.02349369999137707s: {'success': True, 'response_id': 60, 'score': 0.0, 'category': 'neutral', 'text_length': 63}
[INFO] 2025-10-22 12:31:01 | celery.app.trace:128 | info | Task apps.evaluations.tasks.analyze_sentiment_task[958eee0d-4eff-42b9-ac62-a625259b60d9] succeeded in 0.028399299990269355s: {'success': True, 'response_id': 73, 'score': 0.0, 'category': 'neutral', 'text_length': 63}
[INFO] 2025-10-22 12:31:01 | celery.app.trace:128 | info | Task apps.evaluations.tasks.analyze_sentiment_task[3927f347-5ab3-46f4-b27c-510b2f5ae44e] succeeded in 0.028218899999046698s: {'success': True, 'response_id': 74, 'score': 0.0, 'category': 'neutral', 'text_length': 38}
[INFO] 2025-10-22 12:31:01 | celery.app.trace:128 | info | Task apps.evaluations.tasks.analyze_sentiment_task[00fcb0f4-33ef-420f-a164-a8ff9ae84d09] succeeded in 0.026742500005639158s: {'success': True, 'response_id': 75, 'score': 0.0, 'category': 'neutral', 'text_length': 53}
